<?xml version="1.0" encoding="UTF-8"?>
<testsuite name="test.grocery.GroceryAppTest" tests="4" skipped="0" failures="0" errors="0" timestamp="2019-10-03T17:10:43" hostname="WGC2XDXL19021" time="0.026">
  <properties/>
  <testcase name="testCase1" classname="test.grocery.GroceryAppTest" time="0.018"/>
  <testcase name="testCase2" classname="test.grocery.GroceryAppTest" time="0.001"/>
  <testcase name="testCase3" classname="test.grocery.GroceryAppTest" time="0.002"/>
  <testcase name="testCase4" classname="test.grocery.GroceryAppTest" time="0.004"/>
  <system-out><![CDATA[soup Quantity is :3
bread Quantity is :2
Expected total cost=3.15
------------------------------------------------------------------
apples Quantity is :6
milk Quantity is :1
Expected total cost=1.90
------------------------------------------------------------------
apples Quantity is :6
milk Quantity is :1
Expected total cost=1.84
------------------------------------------------------------------
apples Quantity is :3
soup Quantity is :2
bread Quantity is :1
Expected total cost=1.97
------------------------------------------------------------------
]]></system-out>
  <system-err><![CDATA[]]></system-err>
</testsuite>
